<?xml version="1.0" encoding="UTF-8"?>
<!-- Generated by org.testng.reporters.JUnitReportReporter -->
<testsuite skipped="0" hostname="LAPTOP-EPV2B2SF" name="upstest.UpsTest" tests="3" failures="0" timestamp="11 Dec 2020 01:18:59 GMT" time="0.015" errors="0">
  <testcase name="loginTest" time="0.002" classname="upstest.UpsTest"/>
  <testcase name="noTest" time="0.008" classname="upstest.UpsTest"/>
  <testcase name="TrackingTest" time="0.005" classname="upstest.UpsTest"/>
</testsuite> <!-- upstest.UpsTest -->
